<?xml version="1.0" encoding="UTF-8"?>
<testng-results ignored="0" total="1" passed="1" failed="0" skipped="0">
  <reporter-output>
  </reporter-output>
  <suite started-at="2022-04-26T12:49:11 IST" name="Default suite" finished-at="2022-04-26T12:49:11 IST" duration-ms="38">
    <groups>
    </groups>
    <test started-at="2022-04-26T12:49:11 IST" name="Default test" finished-at="2022-04-26T12:49:11 IST" duration-ms="38">
      <class name="ReadDatafromCmdTest">
        <test-method signature="readData()[pri:0, instance:ReadDatafromCmdTest@550ee7e5]" started-at="2022-04-26T12:49:11 IST" name="readData" finished-at="2022-04-26T12:49:11 IST" duration-ms="7" status="PASS">
          <reporter-output>
          </reporter-output>
        </test-method> <!-- readData -->
      </class> <!-- ReadDatafromCmdTest -->
    </test> <!-- Default test -->
  </suite> <!-- Default suite -->
</testng-results>
